<?xml version="1.0" encoding="UTF-8"?>
<!-- Generated by org.testng.reporters.JUnitReportReporter -->
<testsuite hostname="chclass14" name="menu.IngredientTest" tests="3" failures="0" timestamp="22 Jun 2015 16:40:06 GMT" time="0.006" errors="0">
  <testcase name="zeroPriceValue" time="0.000" classname="menu.IngredientTest"/>
  <testcase name="underZeroPriceValue" time="0.001" classname="menu.IngredientTest"/>
  <testcase name="setString" time="0.005" classname="menu.IngredientTest"/>
</testsuite> <!-- menu.IngredientTest -->
